<?xml version="1.0" encoding="UTF-8"?>
<!-- Generated by org.testng.reporters.JUnitReportReporter -->
<testsuite skipped="0" hostname="IND-5CG44506DZ" name="basics.excelDriven" tests="3" failures="0" timestamp="07 Aug 2019 09:12:41 GMT" time="5.561" errors="0">
  <testcase name="FirstTest" time="0.342" classname="basics.excelDriven"/>
  <testcase name="FirstTest" time="4.901" classname="basics.excelDriven"/>
  <testcase name="FirstTest" time="0.318" classname="basics.excelDriven"/>
</testsuite> <!-- basics.excelDriven -->
