<?xml version="1.0" encoding="UTF-8"?>
<!-- Generated by org.testng.reporters.JUnitReportReporter -->
<testsuite skipped="0" hostname="IND-5CG44506DZ" name="basics.DynamicJson" tests="3" failures="0" timestamp="20 Sep 2019 11:50:33 GMT" time="7.054" errors="0">
  <testcase name="FirstTest" time="0.347" classname="basics.DynamicJson"/>
  <testcase name="FirstTest" time="0.307" classname="basics.DynamicJson"/>
  <testcase name="FirstTest" time="6.400" classname="basics.DynamicJson"/>
</testsuite> <!-- basics.DynamicJson -->
