<?xml version="1.0" encoding="UTF-8"?>
<!-- Generated by org.testng.reporters.JUnitReportReporter -->
<testsuite skipped="0" hostname="IND-5CG44506DZ" name="basics.BasicRestAssured2" tests="1" failures="0" timestamp="12 Nov 2019 14:17:27 GMT" time="3.928" errors="0">
  <testcase name="FirstTest" time="3.928" classname="basics.BasicRestAssured2"/>
</testsuite> <!-- basics.BasicRestAssured2 -->
