<?xml version="1.0" encoding="UTF-8"?>
<!-- Generated by org.testng.reporters.JUnitReportReporter -->
<testsuite skipped="0" hostname="IND-5CG44506DZ" name="basics.BasicRestAssured4_XML" tests="1" failures="0" timestamp="21 Nov 2019 11:07:19 GMT" time="6.565" errors="0">
  <testcase name="FirstTest" time="6.565" classname="basics.BasicRestAssured4_XML"/>
</testsuite> <!-- basics.BasicRestAssured4_XML -->
