<?xml version="1.0" encoding="UTF-8"?>
<!-- Generated by org.testng.reporters.JUnitReportReporter -->
<testsuite skipped="0" hostname="IND-5CG44506DZ" name="basics.BasicRestAssured3" tests="1" failures="0" timestamp="06 Aug 2019 10:34:18 GMT" time="3.257" errors="0">
  <testcase name="FirstTest" time="3.257" classname="basics.BasicRestAssured3"/>
</testsuite> <!-- basics.BasicRestAssured3 -->
